2024-02-06T16:22:46.155  INFO utils.middleware.log_incoming_request - None - start
2024-02-06T16:22:46.156  INFO utils.middleware.log_incoming_request - None - end in time (ms): 0.35
2024-02-06T16:22:46.474  INFO utils.middleware.log_incoming_request - None - start
2024-02-06T16:22:46.475  INFO utils.middleware.log_incoming_request - None - end in time (ms): 0.77
2024-02-06T16:22:47.054  INFO utils.middleware.log_incoming_request - None - start
2024-02-06T16:22:47.054  INFO utils.middleware.log_incoming_request - None - end in time (ms): 0.00
2024-02-06T16:23:25.987  INFO utils.middleware.log_incoming_request - getTodoList - start
2024-02-06T16:23:25.990  INFO utils.middleware.log_incoming_request - getTodoList - end in time (ms): 2.93
2024-02-06T16:23:26.088  INFO utils.middleware.log_incoming_request - None - start
2024-02-06T16:23:26.089  INFO utils.middleware.log_incoming_request - None - end in time (ms): 0.00
2024-02-06T16:25:21.399  INFO utils.middleware.log_incoming_request - None - start
2024-02-06T16:25:21.401  INFO utils.middleware.log_incoming_request - None - end in time (ms): 0.91
2024-02-06T16:25:21.848  INFO utils.middleware.log_incoming_request - None - start
2024-02-06T16:25:21.850  INFO utils.middleware.log_incoming_request - None - end in time (ms): 1.03
2024-02-06T16:25:32.725  INFO utils.middleware.log_incoming_request - getTodoList - start
2024-02-06T16:25:32.728  INFO utils.middleware.log_incoming_request - getTodoList - end in time (ms): 2.43
2024-02-06T16:25:32.813  INFO utils.middleware.log_incoming_request - None - start
2024-02-06T16:25:32.815  INFO utils.middleware.log_incoming_request - None - end in time (ms): 1.60
2024-02-06T16:30:56.157  INFO utils.middleware.log_incoming_request - getTodoList - start
2024-02-06T16:30:56.159  INFO utils.middleware.log_incoming_request - getTodoList - end in time (ms): 1.00
2024-02-06T16:31:01.096  INFO utils.middleware.log_incoming_request - getTodoList - start
2024-02-06T16:31:01.097  INFO utils.middleware.log_incoming_request - getTodoList - end in time (ms): 1.00
2024-02-06T16:32:15.756  INFO utils.middleware.log_incoming_request - addNewItem - start
2024-02-06T16:32:15.758 ERROR controller.sample_controller - Error insterting task: Object of type Item is not JSON serializable
2024-02-06T16:32:15.758  INFO utils.middleware.log_incoming_request - addNewItem - end in time (ms): 1.88
2024-02-06T16:36:29.268  INFO utils.middleware.log_incoming_request - addNewItem - start
2024-02-06T16:36:29.272 ERROR controller.sample_controller - Error insterting task: Object of type Item is not JSON serializable
2024-02-06T16:36:29.272  INFO utils.middleware.log_incoming_request - addNewItem - end in time (ms): 4.00
2024-02-06T16:37:21.138  INFO utils.middleware.log_incoming_request - getTodoList - start
2024-02-06T16:37:21.140 ERROR controller.sample_controller - Error in getting item Object of type Item is not JSON serializable
2024-02-06T16:37:21.140  INFO utils.middleware.log_incoming_request - getTodoList - end in time (ms): 0.99
2024-02-06T16:37:36.730  INFO utils.middleware.log_incoming_request - getTodoList - start
2024-02-06T16:37:36.733  INFO utils.middleware.log_incoming_request - getTodoList - end in time (ms): 3.00
2024-02-06T16:37:51.030  INFO utils.middleware.log_incoming_request - addNewItem - start
2024-02-06T16:37:51.033 ERROR controller.sample_controller - Error insterting task: Object of type Item is not JSON serializable
2024-02-06T16:37:51.033  INFO utils.middleware.log_incoming_request - addNewItem - end in time (ms): 2.92
2024-02-06T16:39:15.799  INFO utils.middleware.log_incoming_request - addNewItem - start
2024-02-06T16:39:15.803 ERROR controller.sample_controller - Error insterting task: Object of type Item is not JSON serializable
2024-02-06T16:39:15.803  INFO utils.middleware.log_incoming_request - addNewItem - end in time (ms): 4.01
2024-02-06T16:39:23.296  INFO utils.middleware.log_incoming_request - getTodoList - start
2024-02-06T16:39:23.299 ERROR controller.sample_controller - Error in getting item Object of type Item is not JSON serializable
2024-02-06T16:39:23.299  INFO utils.middleware.log_incoming_request - getTodoList - end in time (ms): 2.83
2024-02-06T16:40:55.137  INFO utils.middleware.log_incoming_request - getTodoList - start
2024-02-06T16:40:55.139  INFO utils.middleware.log_incoming_request - getTodoList - end in time (ms): 2.01
2024-02-06T16:40:58.934  INFO utils.middleware.log_incoming_request - addNewItem - start
2024-02-06T16:40:59.116  INFO utils.middleware.log_incoming_request - addNewItem - end in time (ms): 182.00
2024-02-06T16:41:11.916  INFO utils.middleware.log_incoming_request - getTodoList - start
2024-02-06T16:41:11.919 ERROR controller.sample_controller - Error in getting item Object of type Item is not JSON serializable
2024-02-06T16:41:11.919  INFO utils.middleware.log_incoming_request - getTodoList - end in time (ms): 1.89
2024-02-06T16:46:33.619  INFO utils.middleware.log_incoming_request - addNewItem - start
2024-02-06T16:46:33.624 ERROR controller.sample_controller - Error insterting task: 'object' object does not support item assignment
2024-02-06T16:46:33.624  INFO utils.middleware.log_incoming_request - addNewItem - end in time (ms): 4.00
2024-02-06T16:47:38.335  INFO utils.middleware.log_incoming_request - addNewItem - start
2024-02-06T16:47:38.338 ERROR controller.sample_controller - Error insterting task: Object of type Item is not JSON serializable
2024-02-06T16:47:38.338  INFO utils.middleware.log_incoming_request - addNewItem - end in time (ms): 3.00
2024-02-06T16:47:47.840  INFO utils.middleware.log_incoming_request - addNewItem - start
2024-02-06T16:47:47.843 ERROR controller.sample_controller - Error insterting task: Object of type Item is not JSON serializable
2024-02-06T16:47:47.843  INFO utils.middleware.log_incoming_request - addNewItem - end in time (ms): 3.00
2024-02-06T16:48:06.269  INFO utils.middleware.log_incoming_request - addNewItem - start
2024-02-06T16:48:06.271 ERROR controller.sample_controller - Error insterting task: Object of type Item is not JSON serializable
2024-02-06T16:48:06.271  INFO utils.middleware.log_incoming_request - addNewItem - end in time (ms): 1.93
2024-02-06T16:52:42.595  INFO utils.middleware.log_incoming_request - addNewItem - start
2024-02-06T16:52:42.598 ERROR controller.sample_controller - Error insterting task: name 'task' is not defined
2024-02-06T16:52:42.598  INFO utils.middleware.log_incoming_request - addNewItem - end in time (ms): 3.28
2024-02-06T16:52:54.323  INFO utils.middleware.log_incoming_request - addNewItem - start
2024-02-06T16:52:54.326  INFO utils.middleware.log_incoming_request - addNewItem - end in time (ms): 3.07
2024-02-06T16:54:05.809  INFO utils.middleware.log_incoming_request - getTodoList - start
2024-02-06T16:54:05.814  INFO utils.middleware.log_incoming_request - getTodoList - end in time (ms): 5.34
2024-02-06T16:54:13.459  INFO utils.middleware.log_incoming_request - addNewItem - start
2024-02-06T16:54:13.463  INFO utils.middleware.log_incoming_request - addNewItem - end in time (ms): 3.98
2024-02-06T16:54:20.126  INFO utils.middleware.log_incoming_request - getTodoList - start
2024-02-06T16:54:20.128  INFO utils.middleware.log_incoming_request - getTodoList - end in time (ms): 2.00
2024-02-06T16:54:34.907  INFO utils.middleware.log_incoming_request - addNewItem - start
2024-02-06T16:54:34.909  INFO utils.middleware.log_incoming_request - addNewItem - end in time (ms): 2.00
2024-02-06T16:54:38.788  INFO utils.middleware.log_incoming_request - getTodoList - start
2024-02-06T16:54:38.789  INFO utils.middleware.log_incoming_request - getTodoList - end in time (ms): 1.00
2024-02-06T16:55:09.106  INFO utils.middleware.log_incoming_request - getTodoList - start
2024-02-06T16:55:09.108  INFO utils.middleware.log_incoming_request - getTodoList - end in time (ms): 1.37
2024-02-06T16:55:28.390  INFO utils.middleware.log_incoming_request - updateItem - start
2024-02-06T16:55:28.391 ERROR controller.sample_controller - Error updating item: 'coroutine' object is not subscriptable
2024-02-06T16:55:28.507  INFO utils.middleware.log_incoming_request - updateItem - end in time (ms): 116.87
2024-02-06T16:55:50.779  INFO utils.middleware.log_incoming_request - getTodoList - start
2024-02-06T16:55:50.779  INFO utils.middleware.log_incoming_request - getTodoList - end in time (ms): 0.90
2024-02-06T16:56:05.866  INFO utils.middleware.log_incoming_request - None - start
2024-02-06T16:56:05.866  INFO utils.middleware.log_incoming_request - None - end in time (ms): 0.00
2024-02-06T16:56:12.056  INFO utils.middleware.log_incoming_request - updateItem - start
2024-02-06T16:56:12.058 ERROR controller.sample_controller - Error updating item: 'coroutine' object is not subscriptable
2024-02-06T16:56:12.058  INFO utils.middleware.log_incoming_request - updateItem - end in time (ms): 1.63
2024-02-06T17:05:13.921  INFO utils.middleware.log_incoming_request - getTodoList - start
2024-02-06T17:05:13.924  INFO utils.middleware.log_incoming_request - getTodoList - end in time (ms): 2.95
2024-02-06T17:05:18.275  INFO utils.middleware.log_incoming_request - addNewItem - start
2024-02-06T17:05:18.277  INFO utils.middleware.log_incoming_request - addNewItem - end in time (ms): 1.99
2024-02-06T17:05:27.705  INFO utils.middleware.log_incoming_request - None - start
2024-02-06T17:05:27.706  INFO utils.middleware.log_incoming_request - None - end in time (ms): 1.01
2024-02-06T17:05:32.109  INFO utils.middleware.log_incoming_request - updateItem - start
2024-02-06T17:05:32.110 ERROR controller.sample_controller - Error updating item: [TypeError("'coroutine' object is not iterable"), TypeError('vars() argument must have __dict__ attribute')]
2024-02-06T17:05:32.110  INFO utils.middleware.log_incoming_request - updateItem - end in time (ms): 1.73
2024-02-06T17:06:59.226  INFO utils.middleware.log_incoming_request - getTodoList - start
2024-02-06T17:06:59.228  INFO utils.middleware.log_incoming_request - getTodoList - end in time (ms): 2.00
2024-02-06T17:07:06.064  INFO utils.middleware.log_incoming_request - deleteItem - start
2024-02-06T17:07:06.066  INFO utils.middleware.log_incoming_request - deleteItem - end in time (ms): 1.09
2024-02-06T17:07:10.878  INFO utils.middleware.log_incoming_request - None - start
2024-02-06T17:07:10.878  INFO utils.middleware.log_incoming_request - None - end in time (ms): 0.00
2024-02-06T17:07:14.454  INFO utils.middleware.log_incoming_request - getTodoList - start
2024-02-06T17:07:14.457  INFO utils.middleware.log_incoming_request - getTodoList - end in time (ms): 2.52
2024-02-06T17:08:27.065  INFO utils.middleware.log_incoming_request - getTodoList - start
2024-02-06T17:08:27.069  INFO utils.middleware.log_incoming_request - getTodoList - end in time (ms): 3.91
2024-02-06T17:08:31.352  INFO utils.middleware.log_incoming_request - addNewItem - start
2024-02-06T17:08:31.355  INFO utils.middleware.log_incoming_request - addNewItem - end in time (ms): 3.00
2024-02-06T17:08:41.380  INFO utils.middleware.log_incoming_request - updateItem - start
2024-02-06T17:08:41.382  INFO utils.middleware.log_incoming_request - updateItem - end in time (ms): 2.00
2024-02-06T17:08:47.549  INFO utils.middleware.log_incoming_request - None - start
2024-02-06T17:08:47.550  INFO utils.middleware.log_incoming_request - None - end in time (ms): 1.01
2024-02-06T17:08:51.156  INFO utils.middleware.log_incoming_request - getTodoList - start
2024-02-06T17:08:51.158  INFO utils.middleware.log_incoming_request - getTodoList - end in time (ms): 0.68
2024-02-06T17:12:03.870  INFO utils.middleware.log_incoming_request - addNewItem - start
2024-02-06T17:12:03.874  INFO utils.middleware.log_incoming_request - addNewItem - end in time (ms): 4.00
2024-02-06T17:12:07.498  INFO utils.middleware.log_incoming_request - getTodoList - start
2024-02-06T17:12:07.499  INFO utils.middleware.log_incoming_request - getTodoList - end in time (ms): 1.00
2024-02-06T17:12:35.022  INFO utils.middleware.log_incoming_request - updateItem - start
2024-02-06T17:12:35.025  INFO utils.middleware.log_incoming_request - updateItem - end in time (ms): 2.00
2024-02-06T17:12:45.968  INFO utils.middleware.log_incoming_request - updateItem - start
2024-02-06T17:12:45.970  INFO utils.middleware.log_incoming_request - updateItem - end in time (ms): 1.99
2024-02-06T17:12:56.766  INFO utils.middleware.log_incoming_request - getTodoList - start
2024-02-06T17:12:56.768  INFO utils.middleware.log_incoming_request - getTodoList - end in time (ms): 1.90
2024-02-06T21:56:31.522  INFO utils.middleware.log_incoming_request - None - start
2024-02-06T21:56:31.563  INFO utils.middleware.log_incoming_request - None - end in time (ms): 1.13
2024-02-06T21:56:56.052  INFO utils.middleware.log_incoming_request - None - start
2024-02-06T21:56:56.052  INFO utils.middleware.log_incoming_request - None - end in time (ms): 0.00
2024-02-06T21:57:11.818  INFO utils.middleware.log_incoming_request - getAllUsers - start
2024-02-06T21:57:11.822  INFO utils.middleware.log_incoming_request - getAllUsers - end in time (ms): 4.22
2024-02-06T21:57:20.199  INFO utils.middleware.log_incoming_request - getTodoList - start
2024-02-06T21:57:20.200  INFO utils.middleware.log_incoming_request - getTodoList - end in time (ms): 1.00
2024-02-06T22:01:09.253  INFO utils.middleware.log_incoming_request - getAllUsers - start
2024-02-06T22:01:09.256  INFO utils.middleware.log_incoming_request - getAllUsers - end in time (ms): 1.96
2024-02-06T22:01:43.934  INFO utils.middleware.log_incoming_request - createUser - start
2024-02-06T22:01:44.329 ERROR utils.middleware.exception_handlers - An error occured during createUser handling. Error: sequence item 1: expected str instance, int found
2024-02-06T22:03:13.432  INFO utils.middleware.log_incoming_request - createUser - start
2024-02-06T22:03:13.435 ERROR utils.middleware.exception_handlers - An error occured during createUser handling. Error: sequence item 1: expected str instance, int found
2024-02-06T22:04:13.828  INFO utils.middleware.log_incoming_request - createUser - start
2024-02-06T22:04:13.833 ERROR utils.middleware.exception_handlers - An error occured during createUser handling. Error: sequence item 1: expected str instance, int found
2024-02-06T22:06:02.376  INFO utils.middleware.log_incoming_request - createUser - start
2024-02-06T22:06:02.592  INFO utils.middleware.log_incoming_request - createUser - end in time (ms): 214.98
2024-02-06T22:06:11.921  INFO utils.middleware.log_incoming_request - getAllUsers - start
2024-02-06T22:06:11.922  INFO utils.middleware.log_incoming_request - getAllUsers - end in time (ms): 1.15
2024-02-06T22:07:54.180  INFO utils.middleware.log_incoming_request - getAllUsers - start
2024-02-06T22:07:54.183  INFO utils.middleware.log_incoming_request - getAllUsers - end in time (ms): 3.00
2024-02-06T22:07:57.825  INFO utils.middleware.log_incoming_request - createUser - start
2024-02-06T22:07:57.866  INFO utils.middleware.log_incoming_request - createUser - end in time (ms): 41.98
2024-02-06T22:08:42.472  INFO utils.middleware.log_incoming_request - None - start
2024-02-06T22:08:42.473  INFO utils.middleware.log_incoming_request - None - end in time (ms): 1.03
2024-02-06T22:10:34.163  INFO utils.middleware.log_incoming_request - None - start
2024-02-06T22:10:34.164  INFO utils.middleware.log_incoming_request - None - end in time (ms): 0.96
2024-02-06T22:10:43.101  INFO utils.middleware.log_incoming_request - createUser - start
2024-02-06T22:10:43.104 ERROR utils.middleware.exception_handlers - An error occured during createUser handling. Error: sequence item 1: expected str instance, int found
2024-02-06T22:10:59.915  INFO utils.middleware.log_incoming_request - None - start
2024-02-06T22:10:59.918  INFO utils.middleware.log_incoming_request - None - end in time (ms): 3.00
2024-02-06T22:10:59.971  INFO utils.middleware.log_incoming_request - createUser - start
2024-02-06T22:10:59.973 ERROR utils.middleware.exception_handlers - An error occured during createUser handling. Error: sequence item 1: expected str instance, int found
2024-02-06T22:11:58.250  INFO utils.middleware.log_incoming_request - None - start
2024-02-06T22:11:58.251  INFO utils.middleware.log_incoming_request - None - end in time (ms): 1.00
2024-02-06T22:11:58.256  INFO utils.middleware.log_incoming_request - createUser - start
2024-02-06T22:11:58.262 ERROR utils.middleware.exception_handlers - An error occured during createUser handling. Error: sequence item 1: expected str instance, int found
2024-02-06T22:12:19.146  INFO utils.middleware.log_incoming_request - None - start
2024-02-06T22:12:19.146  INFO utils.middleware.log_incoming_request - None - end in time (ms): 0.00
2024-02-06T22:12:19.150  INFO utils.middleware.log_incoming_request - getAllUsers - start
2024-02-06T22:12:19.152  INFO utils.middleware.log_incoming_request - getAllUsers - end in time (ms): 1.59
2024-02-06T22:12:29.624  INFO utils.middleware.log_incoming_request - None - start
2024-02-06T22:12:29.624  INFO utils.middleware.log_incoming_request - None - end in time (ms): 0.00
2024-02-06T22:12:29.629  INFO utils.middleware.log_incoming_request - createUser - start
2024-02-06T22:12:29.630 ERROR utils.middleware.exception_handlers - An error occured during createUser handling. Error: sequence item 1: expected str instance, int found
2024-02-06T22:13:08.023  INFO utils.middleware.log_incoming_request - None - start
2024-02-06T22:13:08.024  INFO utils.middleware.log_incoming_request - None - end in time (ms): 1.22
2024-02-06T22:13:08.029  INFO utils.middleware.log_incoming_request - createUser - start
2024-02-06T22:13:08.032 ERROR utils.middleware.exception_handlers - An error occured during createUser handling. Error: sequence item 1: expected str instance, int found
2024-02-06T22:13:19.687  INFO utils.middleware.log_incoming_request - None - start
2024-02-06T22:13:19.687  INFO utils.middleware.log_incoming_request - None - end in time (ms): 0.00
2024-02-06T22:13:19.693  INFO utils.middleware.log_incoming_request - getAllUsers - start
2024-02-06T22:13:19.698  INFO utils.middleware.log_incoming_request - getAllUsers - end in time (ms): 5.02
2024-02-06T22:13:24.387  INFO utils.middleware.log_incoming_request - None - start
2024-02-06T22:13:24.387  INFO utils.middleware.log_incoming_request - None - end in time (ms): 0.00
2024-02-06T22:13:24.393  INFO utils.middleware.log_incoming_request - getAllUsers - start
2024-02-06T22:13:24.394  INFO utils.middleware.log_incoming_request - getAllUsers - end in time (ms): 1.92
2024-02-06T22:13:28.823  INFO utils.middleware.log_incoming_request - None - start
2024-02-06T22:13:28.823  INFO utils.middleware.log_incoming_request - None - end in time (ms): 0.00
2024-02-06T22:13:28.828  INFO utils.middleware.log_incoming_request - createUser - start
2024-02-06T22:13:28.829 ERROR utils.middleware.exception_handlers - An error occured during createUser handling. Error: sequence item 1: expected str instance, int found
2024-02-06T22:14:56.939  INFO utils.middleware.log_incoming_request - None - start
2024-02-06T22:14:56.940  INFO utils.middleware.log_incoming_request - None - end in time (ms): 1.04
2024-02-06T22:14:56.945  INFO utils.middleware.log_incoming_request - createUser - start
2024-02-06T22:14:56.947  INFO utils.middleware.log_incoming_request - createUser - end in time (ms): 2.00
2024-02-06T22:15:39.068  INFO utils.middleware.log_incoming_request - None - start
2024-02-06T22:15:39.069  INFO utils.middleware.log_incoming_request - None - end in time (ms): 1.00
2024-02-06T22:15:39.073  INFO utils.middleware.log_incoming_request - createUser - start
2024-02-06T22:15:39.076  INFO utils.middleware.log_incoming_request - createUser - end in time (ms): 3.00
2024-02-06T22:15:53.481  INFO utils.middleware.log_incoming_request - None - start
2024-02-06T22:15:53.481  INFO utils.middleware.log_incoming_request - None - end in time (ms): 0.00
2024-02-06T22:15:53.485  INFO utils.middleware.log_incoming_request - createUser - start
2024-02-06T22:15:53.952  INFO utils.middleware.log_incoming_request - createUser - end in time (ms): 466.49
2024-02-06T22:16:28.047  INFO utils.middleware.log_incoming_request - None - start
2024-02-06T22:16:28.048  INFO utils.middleware.log_incoming_request - None - end in time (ms): 0.00
2024-02-06T22:17:43.531  INFO utils.middleware.log_incoming_request - createUser - start
2024-02-06T22:17:43.534  INFO utils.middleware.log_incoming_request - createUser - end in time (ms): 3.00
2024-02-06T22:17:53.500  INFO utils.middleware.log_incoming_request - addNewItem - start
2024-02-06T22:17:53.502  INFO utils.middleware.log_incoming_request - addNewItem - end in time (ms): 2.00
2024-02-06T22:18:06.709  INFO utils.middleware.log_incoming_request - addNewItem - start
2024-02-06T22:18:06.712  INFO utils.middleware.log_incoming_request - addNewItem - end in time (ms): 2.97
2024-02-06T22:18:27.896  INFO utils.middleware.log_incoming_request - None - start
2024-02-06T22:18:27.896  INFO utils.middleware.log_incoming_request - None - end in time (ms): 0.66
2024-02-06T22:18:35.035  INFO utils.middleware.log_incoming_request - createUser - start
2024-02-06T22:18:35.037  INFO utils.middleware.log_incoming_request - createUser - end in time (ms): 2.00
2024-02-06T22:18:41.107  INFO utils.middleware.log_incoming_request - getAllUsers - start
2024-02-06T22:18:41.108  INFO utils.middleware.log_incoming_request - getAllUsers - end in time (ms): 1.35
2024-02-06T22:19:38.214  INFO utils.middleware.log_incoming_request - createUser - start
2024-02-06T22:19:38.215  INFO utils.middleware.log_incoming_request - createUser - end in time (ms): 1.25
2024-02-06T22:19:43.673  INFO utils.middleware.log_incoming_request - getAllUsers - start
2024-02-06T22:19:43.675  INFO utils.middleware.log_incoming_request - getAllUsers - end in time (ms): 2.00
2024-02-06T22:20:33.654  INFO utils.middleware.log_incoming_request - None - start
2024-02-06T22:20:33.654  INFO utils.middleware.log_incoming_request - None - end in time (ms): 0.00
2024-02-06T22:20:38.762  INFO utils.middleware.log_incoming_request - addNewItem - start
2024-02-06T22:20:38.763  INFO utils.middleware.log_incoming_request - addNewItem - end in time (ms): 1.13
2024-02-06T22:20:48.587  INFO utils.middleware.log_incoming_request - getAllUsers - start
2024-02-06T22:20:48.589  INFO utils.middleware.log_incoming_request - getAllUsers - end in time (ms): 1.97
